<?xml version="1.0" encoding="UTF-8"?>
<!-- Generated by org.testng.reporters.JUnitXMLReporter -->
<testsuite ignored="0" hostname="Dafodilequeens-MacBook-Pro.local" failures="0" tests="4" name="Default test" time="54.756" errors="0" timestamp="01 May 2019 19:02:02 GMT">
  <testcase classname="testdemo.stepTwo" name="companyDetails" time="6.274"/>
  <testcase classname="testdemo.stepTwo" name="administratorDetails" time="0.694"/>
  <testcase classname="testdemo.stepTwo" name="termsAndConditions" time="7.74"/>
  <testcase classname="testdemo.stepTwo" name="signUpComplete" time="26.367"/>
</testsuite> <!-- Default test -->
