<?xml version="1.0" encoding="UTF-8"?>
<testng-results ignored="0" total="4" passed="4" failed="0" skipped="0">
  <reporter-output>
  </reporter-output>
  <suite started-at="2019-05-01T19:01:07Z" name="Default suite" finished-at="2019-05-01T19:02:02Z" duration-ms="54756">
    <groups>
    </groups>
    <test started-at="2019-05-01T19:01:07Z" name="Default test" finished-at="2019-05-01T19:02:02Z" duration-ms="54756">
      <class name="testdemo.stepTwo">
        <test-method is-config="true" signature="launchBrowser()[pri:0, instance:testdemo.stepTwo@69fb6037]" started-at="2019-05-01T19:01:07Z" name="launchBrowser" finished-at="2019-05-01T19:01:20Z" duration-ms="13001" status="PASS">
          <reporter-output>
          </reporter-output>
        </test-method> <!-- launchBrowser -->
        <test-method is-config="true" signature="locators()[pri:0, instance:testdemo.stepTwo@69fb6037]" started-at="2019-05-01T19:01:20Z" name="locators" finished-at="2019-05-01T19:01:20Z" duration-ms="13" status="PASS">
          <reporter-output>
          </reporter-output>
        </test-method> <!-- locators -->
        <test-method signature="companyDetails()[pri:1, instance:testdemo.stepTwo@69fb6037]" started-at="2019-05-01T19:01:20Z" name="companyDetails" finished-at="2019-05-01T19:01:26Z" duration-ms="6274" status="PASS">
          <reporter-output>
          </reporter-output>
        </test-method> <!-- companyDetails -->
        <test-method signature="administratorDetails()[pri:2, instance:testdemo.stepTwo@69fb6037]" started-at="2019-05-01T19:01:26Z" name="administratorDetails" finished-at="2019-05-01T19:01:27Z" duration-ms="694" status="PASS">
          <reporter-output>
          </reporter-output>
        </test-method> <!-- administratorDetails -->
        <test-method signature="termsAndConditions()[pri:3, instance:testdemo.stepTwo@69fb6037]" started-at="2019-05-01T19:01:27Z" name="termsAndConditions" finished-at="2019-05-01T19:01:35Z" duration-ms="7740" status="PASS">
          <reporter-output>
          </reporter-output>
        </test-method> <!-- termsAndConditions -->
        <test-method signature="signUpComplete()[pri:4, instance:testdemo.stepTwo@69fb6037]" started-at="2019-05-01T19:01:35Z" name="signUpComplete" finished-at="2019-05-01T19:02:01Z" duration-ms="26367" status="PASS">
          <reporter-output>
          </reporter-output>
        </test-method> <!-- signUpComplete -->
        <test-method is-config="true" signature="terminateBrowser()[pri:0, instance:testdemo.stepTwo@69fb6037]" started-at="2019-05-01T19:02:01Z" name="terminateBrowser" finished-at="2019-05-01T19:02:02Z" duration-ms="634" status="PASS">
          <reporter-output>
          </reporter-output>
        </test-method> <!-- terminateBrowser -->
      </class> <!-- testdemo.stepTwo -->
    </test> <!-- Default test -->
  </suite> <!-- Default suite -->
</testng-results>
